[2026-04-26 04:02:16] 🚀 模拟实盘撮合开始
[2026-04-26 04:02:16] 📊 600519 | 市场=neutral | 策略=mean_reversion | score=15.999999999999943
[2026-04-26 04:02:16] 📊 000001 | 市场=neutral | 策略=mean_reversion | score=20.0
[2026-04-26 04:02:16] 📊 300750 | 市场=neutral | 策略=mean_reversion | score=20.0
[2026-04-26 04:02:16] 🏆 决策 | 000001 | neutral | mean_reversion | score=20.0
[2026-04-26 04:02:16] 📊 TRADE BUY 000001 price=99.099 amount=202
[2026-04-26 04:02:16] 📊 模拟盘统计 | 交易=1 | 收益=-20024.003399399997 | 胜率=0.00%
[2026-04-26 04:02:46] 🚀 模拟实盘撮合开始
[2026-04-26 04:02:46] 🛑 风控熔断：触发最大回撤
[2026-04-26 04:03:16] 🚀 模拟实盘撮合开始
[2026-04-26 04:03:16] 🛑 风控熔断：触发最大回撤
[2026-04-26 04:03:46] 🚀 模拟实盘撮合开始
[2026-04-26 04:03:46] 🛑 风控熔断：触发最大回撤
[2026-04-26 04:04:16] 🚀 模拟实盘撮合开始
[2026-04-26 04:04:16] 🛑 风控熔断：触发最大回撤
[2026-04-26 04:04:46] 🚀 模拟实盘撮合开始
[2026-04-26 04:04:46] 🛑 风控熔断：触发最大回撤
[2026-04-26 04:05:16] 🚀 模拟实盘撮合开始
[2026-04-26 04:05:16] 🛑 风控熔断：触发最大回撤
[2026-04-26 04:05:46] 🚀 模拟实盘撮合开始
[2026-04-26 04:05:46] 🛑 风控熔断：触发最大回撤
[2026-04-26 04:06:16] 🚀 模拟实盘撮合开始
[2026-04-26 04:06:16] 🛑 风控熔断：触发最大回撤
[2026-04-26 04:06:46] 🚀 模拟实盘撮合开始
[2026-04-26 04:06:46] 🛑 风控熔断：触发最大回撤
[2026-04-26 04:07:16] 🚀 模拟实盘撮合开始
[2026-04-26 04:07:16] 🛑 风控熔断：触发最大回撤
[2026-04-26 04:07:47] 🚀 模拟实盘撮合开始
[2026-04-26 04:07:47] 🛑 风控熔断：触发最大回撤
[2026-04-26 04:08:17] 🚀 模拟实盘撮合开始
[2026-04-26 04:08:17] 🛑 风控熔断：触发最大回撤
[2026-04-26 04:08:47] 🚀 模拟实盘撮合开始
[2026-04-26 04:08:47] 🛑 风控熔断：触发最大回撤
[2026-04-26 04:09:17] 🚀 模拟实盘撮合开始
[2026-04-26 04:09:17] 🛑 风控熔断：触发最大回撤
[2026-04-26 04:09:47] 🚀 模拟实盘撮合开始
[2026-04-26 04:09:47] 🛑 风控熔断：触发最大回撤
[2026-04-26 04:10:17] 🚀 模拟实盘撮合开始
[2026-04-26 04:10:17] 🛑 风控熔断：触发最大回撤
[2026-04-26 04:10:47] 🚀 模拟实盘撮合开始
[2026-04-26 04:10:47] 🛑 风控熔断：触发最大回撤
[2026-04-26 04:11:17] 🚀 模拟实盘撮合开始
[2026-04-26 04:11:17] 🛑 风控熔断：触发最大回撤
[2026-04-26 04:11:47] 🚀 模拟实盘撮合开始
[2026-04-26 04:11:47] 🛑 风控熔断：触发最大回撤
[2026-04-26 04:12:17] 🚀 模拟实盘撮合开始
[2026-04-26 04:12:17] 🛑 风控熔断：触发最大回撤
[2026-04-26 04:12:47] 🚀 模拟实盘撮合开始
[2026-04-26 04:12:47] 🛑 风控熔断：触发最大回撤
[2026-04-26 04:13:17] 🚀 模拟实盘撮合开始
[2026-04-26 04:13:17] 🛑 风控熔断：触发最大回撤
[2026-04-26 04:13:47] 🚀 模拟实盘撮合开始
[2026-04-26 04:13:47] 🛑 风控熔断：触发最大回撤
[2026-04-26 04:14:17] 🚀 模拟实盘撮合开始
[2026-04-26 04:14:17] 🛑 风控熔断：触发最大回撤
[2026-04-26 04:14:47] 🚀 模拟实盘撮合开始
[2026-04-26 04:14:47] 🛑 风控熔断：触发最大回撤
[2026-04-26 04:15:17] 🚀 模拟实盘撮合开始
[2026-04-26 04:15:17] 🛑 风控熔断：触发最大回撤
[2026-04-26 04:15:47] 🚀 模拟实盘撮合开始
[2026-04-26 04:15:47] 🛑 风控熔断：触发最大回撤
[2026-04-26 04:16:17] 🚀 模拟实盘撮合开始
[2026-04-26 04:16:17] 🛑 风控熔断：触发最大回撤
[2026-04-26 04:16:47] 🚀 模拟实盘撮合开始
[2026-04-26 04:16:47] 🛑 风控熔断：触发最大回撤
[2026-04-26 04:17:17] 🚀 模拟实盘撮合开始
[2026-04-26 04:17:17] 🛑 风控熔断：触发最大回撤
[2026-04-26 04:17:47] 🚀 模拟实盘撮合开始
[2026-04-26 04:17:47] 🛑 风控熔断：触发最大回撤
[2026-04-26 04:18:17] 🚀 模拟实盘撮合开始
[2026-04-26 04:18:17] 🛑 风控熔断：触发最大回撤
[2026-04-26 04:18:47] 🚀 模拟实盘撮合开始
[2026-04-26 04:18:47] 🛑 风控熔断：触发最大回撤
[2026-04-26 04:19:17] 🚀 模拟实盘撮合开始
[2026-04-26 04:19:17] 🛑 风控熔断：触发最大回撤
[2026-04-26 04:19:47] 🚀 模拟实盘撮合开始
[2026-04-26 04:19:47] 🛑 风控熔断：触发最大回撤
[2026-04-26 04:20:17] 🚀 模拟实盘撮合开始
[2026-04-26 04:20:17] 🛑 风控熔断：触发最大回撤
[2026-04-26 04:20:47] 🚀 模拟实盘撮合开始
[2026-04-26 04:20:47] 🛑 风控熔断：触发最大回撤
[2026-04-26 04:21:17] 🚀 模拟实盘撮合开始
[2026-04-26 04:21:17] 🛑 风控熔断：触发最大回撤
[2026-04-26 04:21:47] 🚀 模拟实盘撮合开始
[2026-04-26 04:21:47] 🛑 风控熔断：触发最大回撤
[2026-04-26 04:22:17] 🚀 模拟实盘撮合开始
[2026-04-26 04:22:17] 🛑 风控熔断：触发最大回撤
[2026-04-26 04:22:47] 🚀 模拟实盘撮合开始
[2026-04-26 04:22:47] 🛑 风控熔断：触发最大回撤
[2026-04-26 04:23:17] 🚀 模拟实盘撮合开始
[2026-04-26 04:23:17] 🛑 风控熔断：触发最大回撤
[2026-04-26 04:23:47] 🚀 模拟实盘撮合开始
[2026-04-26 04:23:47] 🛑 风控熔断：触发最大回撤
[2026-04-26 04:24:17] 🚀 模拟实盘撮合开始
[2026-04-26 04:24:17] 🛑 风控熔断：触发最大回撤
[2026-04-26 04:24:47] 🚀 模拟实盘撮合开始
[2026-04-26 04:24:47] 🛑 风控熔断：触发最大回撤
[2026-04-26 04:25:17] 🚀 模拟实盘撮合开始
[2026-04-26 04:25:17] 🛑 风控熔断：触发最大回撤
[2026-04-26 04:25:47] 🚀 模拟实盘撮合开始
[2026-04-26 04:25:47] 🛑 风控熔断：触发最大回撤
[2026-04-26 04:26:17] 🚀 模拟实盘撮合开始
[2026-04-26 04:26:17] 🛑 风控熔断：触发最大回撤
[2026-04-26 04:26:47] 🚀 模拟实盘撮合开始
[2026-04-26 04:26:47] 🛑 风控熔断：触发最大回撤
[2026-04-26 04:27:17] 🚀 模拟实盘撮合开始
[2026-04-26 04:27:17] 🛑 风控熔断：触发最大回撤
[2026-04-26 04:27:47] 🚀 模拟实盘撮合开始
[2026-04-26 04:27:47] 🛑 风控熔断：触发最大回撤
[2026-04-26 04:28:17] 🚀 模拟实盘撮合开始
[2026-04-26 04:28:17] 🛑 风控熔断：触发最大回撤
[2026-04-26 04:47:50] 🚀 模拟实盘撮合开始
[2026-04-26 04:47:50] 🛑 风控熔断：触发最大回撤
[2026-04-26 05:28:16] 🚀 模拟实盘撮合开始
[2026-04-26 05:28:16] 🛑 风控熔断：触发最大回撤
[2026-04-26 05:43:49] 🚀 模拟实盘撮合开始
[2026-04-26 05:43:49] 🛑 风控熔断：触发最大回撤
[2026-04-26 06:28:16] 🚀 模拟实盘撮合开始
[2026-04-26 06:28:16] 🛑 风控熔断：触发最大回撤
[2026-04-26 07:02:50] 🚀 模拟实盘撮合开始
[2026-04-26 07:02:50] 🛑 风控熔断：触发最大回撤
[2026-04-26 07:28:16] 🚀 模拟实盘撮合开始
[2026-04-26 07:28:16] 🛑 风控熔断：触发最大回撤
[2026-04-26 08:28:16] 🚀 模拟实盘撮合开始
[2026-04-26 08:28:16] 🛑 风控熔断：触发最大回撤
[2026-04-26 09:28:16] 🚀 模拟实盘撮合开始
[2026-04-26 09:28:16] 🛑 风控熔断：触发最大回撤
[2026-04-26 10:28:16] 🚀 模拟实盘撮合开始
[2026-04-26 10:28:16] 🛑 风控熔断：触发最大回撤
[2026-04-26 11:28:16] 🚀 模拟实盘撮合开始
[2026-04-26 11:28:16] 🛑 风控熔断：触发最大回撤
[2026-04-26 11:41:13] 🚀 模拟实盘撮合开始
[2026-04-26 11:41:13] 🛑 风控熔断：触发最大回撤
[2026-04-26 11:45:49] 🚀 模拟实盘撮合开始
[2026-04-26 11:45:49] 🛑 风控熔断：触发最大回撤
[2026-04-26 12:13:49] 🚀 模拟实盘撮合开始
[2026-04-26 12:13:49] 🛑 风控熔断：触发最大回撤
[2026-04-26 12:28:16] 🚀 模拟实盘撮合开始
[2026-04-26 12:28:16] 🛑 风控熔断：触发最大回撤
[2026-04-26 13:08:10] 🚀 模拟实盘撮合开始
[2026-04-26 13:08:10] 🛑 风控熔断：触发最大回撤
[2026-04-26 13:08:40] 🚀 模拟实盘撮合开始
[2026-04-26 13:08:40] 🛑 风控熔断：触发最大回撤
[2026-04-26 13:09:10] 🚀 模拟实盘撮合开始
[2026-04-26 13:09:10] 🛑 风控熔断：触发最大回撤
[2026-04-26 13:09:40] 🚀 模拟实盘撮合开始
[2026-04-26 13:09:40] 🛑 风控熔断：触发最大回撤
[2026-04-26 13:10:10] 🚀 模拟实盘撮合开始
[2026-04-26 13:10:10] 🛑 风控熔断：触发最大回撤
[2026-04-26 13:10:40] 🚀 模拟实盘撮合开始
[2026-04-26 13:10:40] 🛑 风控熔断：触发最大回撤
[2026-04-26 13:11:10] 🚀 模拟实盘撮合开始
[2026-04-26 13:11:10] 🛑 风控熔断：触发最大回撤
[2026-04-26 13:11:40] 🚀 模拟实盘撮合开始
[2026-04-26 13:11:40] 🛑 风控熔断：触发最大回撤
[2026-04-26 13:12:10] 🚀 模拟实盘撮合开始
[2026-04-26 13:12:10] 🛑 风控熔断：触发最大回撤
[2026-04-26 13:12:40] 🚀 模拟实盘撮合开始
[2026-04-26 13:12:40] 🛑 风控熔断：触发最大回撤
[2026-04-26 13:13:10] 🚀 模拟实盘撮合开始
[2026-04-26 13:13:10] 🛑 风控熔断：触发最大回撤
[2026-04-26 13:13:40] 🚀 模拟实盘撮合开始
[2026-04-26 13:13:40] 🛑 风控熔断：触发最大回撤
[2026-04-26 13:14:10] 🚀 模拟实盘撮合开始
[2026-04-26 13:14:10] 🛑 风控熔断：触发最大回撤
[2026-04-26 13:14:40] 🚀 模拟实盘撮合开始
[2026-04-26 13:14:40] 🛑 风控熔断：触发最大回撤
[2026-04-26 13:15:10] 🚀 模拟实盘撮合开始
[2026-04-26 13:15:10] 🛑 风控熔断：触发最大回撤
[2026-04-26 13:15:40] 🚀 模拟实盘撮合开始
[2026-04-26 13:15:40] 🛑 风控熔断：触发最大回撤
[2026-04-26 13:16:10] 🚀 模拟实盘撮合开始
[2026-04-26 13:16:10] 🛑 风控熔断：触发最大回撤
[2026-04-26 13:16:40] 🚀 模拟实盘撮合开始
[2026-04-26 13:16:40] 🛑 风控熔断：触发最大回撤
[2026-04-26 13:17:10] 🚀 模拟实盘撮合开始
[2026-04-26 13:17:10] 🛑 风控熔断：触发最大回撤
[2026-04-26 13:17:40] 🚀 模拟实盘撮合开始
[2026-04-26 13:17:40] 🛑 风控熔断：触发最大回撤
[2026-04-26 13:18:10] 🚀 模拟实盘撮合开始
[2026-04-26 13:18:10] 🛑 风控熔断：触发最大回撤
[2026-04-26 13:18:40] 🚀 模拟实盘撮合开始
[2026-04-26 13:18:40] 🛑 风控熔断：触发最大回撤
[2026-04-26 13:19:10] 🚀 模拟实盘撮合开始
[2026-04-26 13:19:10] 🛑 风控熔断：触发最大回撤
[2026-04-26 13:19:40] 🚀 模拟实盘撮合开始
[2026-04-26 13:19:40] 🛑 风控熔断：触发最大回撤
[2026-04-26 13:20:10] 🚀 模拟实盘撮合开始
[2026-04-26 13:20:10] 🛑 风控熔断：触发最大回撤
[2026-04-26 13:20:40] 🚀 模拟实盘撮合开始
[2026-04-26 13:20:40] 🛑 风控熔断：触发最大回撤
[2026-04-26 13:21:10] 🚀 模拟实盘撮合开始
[2026-04-26 13:21:10] 🛑 风控熔断：触发最大回撤
[2026-04-26 13:21:40] 🚀 模拟实盘撮合开始
[2026-04-26 13:21:40] 🛑 风控熔断：触发最大回撤
[2026-04-26 13:22:10] 🚀 模拟实盘撮合开始
[2026-04-26 13:22:10] 🛑 风控熔断：触发最大回撤
[2026-04-26 13:22:40] 🚀 模拟实盘撮合开始
[2026-04-26 13:22:40] 🛑 风控熔断：触发最大回撤
[2026-04-26 13:23:10] 🚀 模拟实盘撮合开始
[2026-04-26 13:23:10] 🛑 风控熔断：触发最大回撤
[2026-04-26 13:23:40] 🚀 模拟实盘撮合开始
[2026-04-26 13:23:40] 🛑 风控熔断：触发最大回撤
[2026-04-26 13:24:10] 🚀 模拟实盘撮合开始
[2026-04-26 13:24:10] 🛑 风控熔断：触发最大回撤
[2026-04-26 13:24:40] 🚀 模拟实盘撮合开始
[2026-04-26 13:24:40] 🛑 风控熔断：触发最大回撤
[2026-04-26 13:25:10] 🚀 模拟实盘撮合开始
[2026-04-26 13:25:10] 🛑 风控熔断：触发最大回撤
[2026-04-26 13:25:40] 🚀 模拟实盘撮合开始
[2026-04-26 13:25:40] 🛑 风控熔断：触发最大回撤
[2026-04-26 13:26:10] 🚀 模拟实盘撮合开始
[2026-04-26 13:26:10] 🛑 风控熔断：触发最大回撤
[2026-04-26 13:26:40] 🚀 模拟实盘撮合开始
[2026-04-26 13:26:40] 🛑 风控熔断：触发最大回撤
[2026-04-26 13:27:10] 🚀 模拟实盘撮合开始
[2026-04-26 13:27:10] 🛑 风控熔断：触发最大回撤
[2026-04-26 13:27:40] 🚀 模拟实盘撮合开始
[2026-04-26 13:27:40] 🛑 风控熔断：触发最大回撤
[2026-04-26 13:28:10] 🚀 模拟实盘撮合开始
[2026-04-26 13:28:10] 🛑 风控熔断：触发最大回撤
[2026-04-26 13:28:40] 🚀 模拟实盘撮合开始
[2026-04-26 13:28:40] 🛑 风控熔断：触发最大回撤
[2026-04-26 13:29:10] 🚀 模拟实盘撮合开始
[2026-04-26 13:29:10] 🛑 风控熔断：触发最大回撤
[2026-04-26 13:29:40] 🚀 模拟实盘撮合开始
[2026-04-26 13:29:40] 🛑 风控熔断：触发最大回撤
[2026-04-26 13:30:10] 🚀 模拟实盘撮合开始
[2026-04-26 13:30:10] 🛑 风控熔断：触发最大回撤
[2026-04-26 13:30:40] 🚀 模拟实盘撮合开始
[2026-04-26 13:30:40] 🛑 风控熔断：触发最大回撤
[2026-04-26 13:31:10] 🚀 模拟实盘撮合开始
[2026-04-26 13:31:10] 🛑 风控熔断：触发最大回撤
[2026-04-26 13:31:40] 🚀 模拟实盘撮合开始
[2026-04-26 13:31:40] 🛑 风控熔断：触发最大回撤
[2026-04-26 13:32:10] 🚀 模拟实盘撮合开始
[2026-04-26 13:32:10] 🛑 风控熔断：触发最大回撤
[2026-04-26 13:32:40] 🚀 模拟实盘撮合开始
[2026-04-26 13:32:40] 🛑 风控熔断：触发最大回撤
[2026-04-26 13:33:10] 🚀 模拟实盘撮合开始
[2026-04-26 13:33:10] 🛑 风控熔断：触发最大回撤
[2026-04-26 13:33:40] 🚀 模拟实盘撮合开始
[2026-04-26 13:33:40] 🛑 风控熔断：触发最大回撤
[2026-04-26 13:34:10] 🚀 模拟实盘撮合开始
[2026-04-26 13:34:10] 🛑 风控熔断：触发最大回撤
[2026-04-26 13:34:40] 🚀 模拟实盘撮合开始
[2026-04-26 13:34:40] 🛑 风控熔断：触发最大回撤
[2026-04-26 13:35:10] 🚀 模拟实盘撮合开始
[2026-04-26 13:35:10] 🛑 风控熔断：触发最大回撤
[2026-04-26 13:35:40] 🚀 模拟实盘撮合开始
[2026-04-26 13:35:40] 🛑 风控熔断：触发最大回撤
[2026-04-26 13:36:10] 🚀 模拟实盘撮合开始
[2026-04-26 13:36:10] 🛑 风控熔断：触发最大回撤
[2026-04-26 13:36:40] 🚀 模拟实盘撮合开始
[2026-04-26 13:36:40] 🛑 风控熔断：触发最大回撤
[2026-04-26 13:37:10] 🚀 模拟实盘撮合开始
[2026-04-26 13:37:10] 🛑 风控熔断：触发最大回撤
[2026-04-26 13:37:40] 🚀 模拟实盘撮合开始
[2026-04-26 13:37:40] 🛑 风控熔断：触发最大回撤
[2026-04-26 13:38:10] 🚀 模拟实盘撮合开始
[2026-04-26 13:38:10] 🛑 风控熔断：触发最大回撤
[2026-04-26 13:38:40] 🚀 模拟实盘撮合开始
[2026-04-26 13:38:40] 🛑 风控熔断：触发最大回撤
[2026-04-26 13:39:10] 🚀 模拟实盘撮合开始
[2026-04-26 13:39:10] 🛑 风控熔断：触发最大回撤
[2026-04-26 13:39:40] 🚀 模拟实盘撮合开始
[2026-04-26 13:39:40] 🛑 风控熔断：触发最大回撤
[2026-04-26 13:40:10] 🚀 模拟实盘撮合开始
[2026-04-26 13:40:10] 🛑 风控熔断：触发最大回撤
[2026-04-26 13:40:40] 🚀 模拟实盘撮合开始
[2026-04-26 13:40:40] 🛑 风控熔断：触发最大回撤
[2026-04-26 13:41:10] 🚀 模拟实盘撮合开始
[2026-04-26 13:41:10] 🛑 风控熔断：触发最大回撤
[2026-04-26 13:41:40] 🚀 模拟实盘撮合开始
[2026-04-26 13:41:40] 🛑 风控熔断：触发最大回撤
[2026-04-26 13:42:10] 🚀 模拟实盘撮合开始
[2026-04-26 13:42:10] 🛑 风控熔断：触发最大回撤
[2026-04-26 13:42:40] 🚀 模拟实盘撮合开始
[2026-04-26 13:42:40] 🛑 风控熔断：触发最大回撤
[2026-04-26 13:43:10] 🚀 模拟实盘撮合开始
[2026-04-26 13:43:10] 🛑 风控熔断：触发最大回撤
[2026-04-26 13:43:40] 🚀 模拟实盘撮合开始
[2026-04-26 13:43:40] 🛑 风控熔断：触发最大回撤
[2026-04-26 13:44:10] 🚀 模拟实盘撮合开始
[2026-04-26 13:44:10] 🛑 风控熔断：触发最大回撤
[2026-04-26 13:44:40] 🚀 模拟实盘撮合开始
[2026-04-26 13:44:40] 🛑 风控熔断：触发最大回撤
[2026-04-26 13:45:10] 🚀 模拟实盘撮合开始
[2026-04-26 13:45:10] 🛑 风控熔断：触发最大回撤
[2026-04-26 13:45:40] 🚀 模拟实盘撮合开始
[2026-04-26 13:45:40] 🛑 风控熔断：触发最大回撤
[2026-04-26 13:46:10] 🚀 模拟实盘撮合开始
[2026-04-26 13:46:10] 🛑 风控熔断：触发最大回撤
[2026-04-26 13:46:40] 🚀 模拟实盘撮合开始
[2026-04-26 13:46:40] 🛑 风控熔断：触发最大回撤
[2026-04-26 13:47:10] 🚀 模拟实盘撮合开始
[2026-04-26 13:47:10] 🛑 风控熔断：触发最大回撤
[2026-04-26 13:47:40] 🚀 模拟实盘撮合开始
[2026-04-26 13:47:40] 🛑 风控熔断：触发最大回撤
[2026-04-26 13:48:10] 🚀 模拟实盘撮合开始
[2026-04-26 13:48:10] 🛑 风控熔断：触发最大回撤
[2026-04-26 13:48:40] 🚀 模拟实盘撮合开始
[2026-04-26 13:48:40] 🛑 风控熔断：触发最大回撤
[2026-04-26 13:49:10] 🚀 模拟实盘撮合开始
[2026-04-26 13:49:10] 🛑 风控熔断：触发最大回撤
[2026-04-26 13:49:40] 🚀 模拟实盘撮合开始
[2026-04-26 13:49:40] 🛑 风控熔断：触发最大回撤
[2026-04-26 13:50:10] 🚀 模拟实盘撮合开始
[2026-04-26 13:50:10] 🛑 风控熔断：触发最大回撤
[2026-04-26 13:50:40] 🚀 模拟实盘撮合开始
[2026-04-26 13:50:40] 🛑 风控熔断：触发最大回撤
[2026-04-26 13:51:10] 🚀 模拟实盘撮合开始
[2026-04-26 13:51:10] 🛑 风控熔断：触发最大回撤
[2026-04-26 13:51:40] 🚀 模拟实盘撮合开始
[2026-04-26 13:51:40] 🛑 风控熔断：触发最大回撤
[2026-04-26 13:52:10] 🚀 模拟实盘撮合开始
[2026-04-26 13:52:10] 🛑 风控熔断：触发最大回撤
[2026-04-26 13:52:40] 🚀 模拟实盘撮合开始
[2026-04-26 13:52:40] 🛑 风控熔断：触发最大回撤
[2026-04-26 13:53:10] 🚀 模拟实盘撮合开始
[2026-04-26 13:53:10] 🛑 风控熔断：触发最大回撤
[2026-04-26 13:53:40] 🚀 模拟实盘撮合开始
[2026-04-26 13:53:40] 🛑 风控熔断：触发最大回撤
[2026-04-26 13:54:10] 🚀 模拟实盘撮合开始
[2026-04-26 13:54:10] 🛑 风控熔断：触发最大回撤
[2026-04-26 13:54:40] 🚀 模拟实盘撮合开始
[2026-04-26 13:54:40] 🛑 风控熔断：触发最大回撤
[2026-04-26 13:55:10] 🚀 模拟实盘撮合开始
[2026-04-26 13:55:10] 🛑 风控熔断：触发最大回撤
[2026-04-26 13:55:40] 🚀 模拟实盘撮合开始
[2026-04-26 13:55:40] 🛑 风控熔断：触发最大回撤
[2026-04-26 13:56:10] 🚀 模拟实盘撮合开始
[2026-04-26 13:56:10] 🛑 风控熔断：触发最大回撤
[2026-04-26 13:56:40] 🚀 模拟实盘撮合开始
[2026-04-26 13:56:40] 🛑 风控熔断：触发最大回撤
[2026-04-26 13:57:10] 🚀 模拟实盘撮合开始
[2026-04-26 13:57:10] 🛑 风控熔断：触发最大回撤
[2026-04-26 13:57:40] 🚀 模拟实盘撮合开始
[2026-04-26 13:57:40] 🛑 风控熔断：触发最大回撤
[2026-04-26 13:58:10] 🚀 模拟实盘撮合开始
[2026-04-26 13:58:10] 🛑 风控熔断：触发最大回撤
[2026-04-26 13:58:40] 🚀 模拟实盘撮合开始
[2026-04-26 13:58:40] 🛑 风控熔断：触发最大回撤
[2026-04-26 13:59:10] 🚀 模拟实盘撮合开始
[2026-04-26 13:59:10] 🛑 风控熔断：触发最大回撤
[2026-04-26 13:59:40] 🚀 模拟实盘撮合开始
[2026-04-26 13:59:40] 🛑 风控熔断：触发最大回撤
[2026-04-26 14:00:10] 🚀 模拟实盘撮合开始
[2026-04-26 14:00:10] 🛑 风控熔断：触发最大回撤
[2026-04-26 14:00:40] 🚀 模拟实盘撮合开始
[2026-04-26 14:00:40] 🛑 风控熔断：触发最大回撤
[2026-04-26 14:01:10] 🚀 模拟实盘撮合开始
[2026-04-26 14:01:10] 🛑 风控熔断：触发最大回撤
[2026-04-26 14:01:40] 🚀 模拟实盘撮合开始
[2026-04-26 14:01:40] 🛑 风控熔断：触发最大回撤
[2026-04-26 14:02:10] 🚀 模拟实盘撮合开始
[2026-04-26 14:02:10] 🛑 风控熔断：触发最大回撤
[2026-04-26 14:02:40] 🚀 模拟实盘撮合开始
[2026-04-26 14:02:40] 🛑 风控熔断：触发最大回撤
[2026-04-26 14:03:10] 🚀 模拟实盘撮合开始
[2026-04-26 14:03:10] 🛑 风控熔断：触发最大回撤
[2026-04-26 14:03:40] 🚀 模拟实盘撮合开始
[2026-04-26 14:03:40] 🛑 风控熔断：触发最大回撤
[2026-04-26 14:04:10] 🚀 模拟实盘撮合开始
[2026-04-26 14:04:10] 🛑 风控熔断：触发最大回撤
[2026-04-26 14:04:40] 🚀 模拟实盘撮合开始
[2026-04-26 14:04:40] 🛑 风控熔断：触发最大回撤
[2026-04-26 14:05:10] 🚀 模拟实盘撮合开始
[2026-04-26 14:05:10] 🛑 风控熔断：触发最大回撤
[2026-04-26 14:05:40] 🚀 模拟实盘撮合开始
[2026-04-26 14:05:40] 🛑 风控熔断：触发最大回撤
[2026-04-26 14:06:10] 🚀 模拟实盘撮合开始
[2026-04-26 14:06:10] 🛑 风控熔断：触发最大回撤
[2026-04-26 14:06:40] 🚀 模拟实盘撮合开始
[2026-04-26 14:06:40] 🛑 风控熔断：触发最大回撤
[2026-04-26 14:07:10] 🚀 模拟实盘撮合开始
[2026-04-26 14:07:10] 🛑 风控熔断：触发最大回撤
[2026-04-26 14:07:40] 🚀 模拟实盘撮合开始
[2026-04-26 14:07:40] 🛑 风控熔断：触发最大回撤
[2026-04-26 14:08:10] 🚀 模拟实盘撮合开始
[2026-04-26 14:08:10] 🛑 风控熔断：触发最大回撤
[2026-04-26 14:08:40] 🚀 模拟实盘撮合开始
[2026-04-26 14:08:40] 🛑 风控熔断：触发最大回撤
[2026-04-26 14:09:10] 🚀 模拟实盘撮合开始
[2026-04-26 14:09:10] 🛑 风控熔断：触发最大回撤
[2026-04-26 14:09:40] 🚀 模拟实盘撮合开始
[2026-04-26 14:09:40] 🛑 风控熔断：触发最大回撤
[2026-04-26 14:10:10] 🚀 模拟实盘撮合开始
[2026-04-26 14:10:10] 🛑 风控熔断：触发最大回撤
[2026-04-26 14:10:40] 🚀 模拟实盘撮合开始
[2026-04-26 14:10:40] 🛑 风控熔断：触发最大回撤
[2026-04-26 14:11:10] 🚀 模拟实盘撮合开始
[2026-04-26 14:11:10] 🛑 风控熔断：触发最大回撤
[2026-04-26 14:11:40] 🚀 模拟实盘撮合开始
[2026-04-26 14:11:40] 🛑 风控熔断：触发最大回撤
[2026-04-26 14:12:10] 🚀 模拟实盘撮合开始
[2026-04-26 14:12:10] 🛑 风控熔断：触发最大回撤
[2026-04-26 14:12:40] 🚀 模拟实盘撮合开始
[2026-04-26 14:12:40] 🛑 风控熔断：触发最大回撤
[2026-04-26 14:13:10] 🚀 模拟实盘撮合开始
[2026-04-26 14:13:10] 🛑 风控熔断：触发最大回撤
[2026-04-26 14:13:40] 🚀 模拟实盘撮合开始
[2026-04-26 14:13:40] 🛑 风控熔断：触发最大回撤
[2026-04-26 14:14:10] 🚀 模拟实盘撮合开始
[2026-04-26 14:14:10] 🛑 风控熔断：触发最大回撤
[2026-04-26 14:14:40] 🚀 模拟实盘撮合开始
[2026-04-26 14:14:40] 🛑 风控熔断：触发最大回撤
[2026-04-26 14:15:10] 🚀 模拟实盘撮合开始
[2026-04-26 14:15:10] 🛑 风控熔断：触发最大回撤
[2026-04-26 14:15:40] 🚀 模拟实盘撮合开始
[2026-04-26 14:15:40] 🛑 风控熔断：触发最大回撤
[2026-04-26 14:16:10] 🚀 模拟实盘撮合开始
[2026-04-26 14:16:10] 🛑 风控熔断：触发最大回撤
[2026-04-26 14:16:40] 🚀 模拟实盘撮合开始
[2026-04-26 14:16:40] 🛑 风控熔断：触发最大回撤
[2026-04-26 14:17:10] 🚀 模拟实盘撮合开始
[2026-04-26 14:17:10] 🛑 风控熔断：触发最大回撤
[2026-04-26 14:17:40] 🚀 模拟实盘撮合开始
[2026-04-26 14:17:40] 🛑 风控熔断：触发最大回撤
[2026-04-26 14:18:10] 🚀 模拟实盘撮合开始
[2026-04-26 14:18:10] 🛑 风控熔断：触发最大回撤
[2026-04-26 14:18:40] 🚀 模拟实盘撮合开始
[2026-04-26 14:18:40] 🛑 风控熔断：触发最大回撤
[2026-04-26 14:19:10] 🚀 模拟实盘撮合开始
[2026-04-26 14:19:10] 🛑 风控熔断：触发最大回撤
[2026-04-26 14:19:40] 🚀 模拟实盘撮合开始
[2026-04-26 14:19:40] 🛑 风控熔断：触发最大回撤
[2026-04-26 14:20:10] 🚀 模拟实盘撮合开始
[2026-04-26 14:20:10] 🛑 风控熔断：触发最大回撤
[2026-04-26 14:20:40] 🚀 模拟实盘撮合开始
[2026-04-26 14:20:40] 🛑 风控熔断：触发最大回撤
[2026-04-26 14:21:10] 🚀 模拟实盘撮合开始
[2026-04-26 14:21:10] 🛑 风控熔断：触发最大回撤
[2026-04-26 14:21:40] 🚀 模拟实盘撮合开始
[2026-04-26 14:21:40] 🛑 风控熔断：触发最大回撤
[2026-04-26 14:22:10] 🚀 模拟实盘撮合开始
[2026-04-26 14:22:10] 🛑 风控熔断：触发最大回撤
[2026-04-26 14:22:40] 🚀 模拟实盘撮合开始
[2026-04-26 14:22:40] 🛑 风控熔断：触发最大回撤
[2026-04-26 14:23:10] 🚀 模拟实盘撮合开始
[2026-04-26 14:23:10] 🛑 风控熔断：触发最大回撤
[2026-04-26 14:23:40] 🚀 模拟实盘撮合开始
[2026-04-26 14:23:40] 🛑 风控熔断：触发最大回撤
[2026-04-26 14:24:10] 🚀 模拟实盘撮合开始
[2026-04-26 14:24:10] 🛑 风控熔断：触发最大回撤
[2026-04-26 14:24:40] 🚀 模拟实盘撮合开始
[2026-04-26 14:24:40] 🛑 风控熔断：触发最大回撤
[2026-04-26 14:25:10] 🚀 模拟实盘撮合开始
[2026-04-26 14:25:10] 🛑 风控熔断：触发最大回撤
[2026-04-26 14:25:40] 🚀 模拟实盘撮合开始
[2026-04-26 14:25:40] 🛑 风控熔断：触发最大回撤
[2026-04-26 14:26:10] 🚀 模拟实盘撮合开始
[2026-04-26 14:26:10] 🛑 风控熔断：触发最大回撤
[2026-04-26 14:26:40] 🚀 模拟实盘撮合开始
[2026-04-26 14:26:40] 🛑 风控熔断：触发最大回撤
[2026-04-26 14:27:10] 🚀 模拟实盘撮合开始
[2026-04-26 14:27:10] 🛑 风控熔断：触发最大回撤
[2026-04-26 14:27:40] 🚀 模拟实盘撮合开始
[2026-04-26 14:27:40] 🛑 风控熔断：触发最大回撤
[2026-04-26 14:28:10] 🚀 模拟实盘撮合开始
[2026-04-26 14:28:10] 🛑 风控熔断：触发最大回撤
[2026-04-26 14:28:40] 🚀 模拟实盘撮合开始
[2026-04-26 14:28:40] 🛑 风控熔断：触发最大回撤
[2026-04-26 14:29:10] 🚀 模拟实盘撮合开始
[2026-04-26 14:29:10] 🛑 风控熔断：触发最大回撤
[2026-04-26 14:29:40] 🚀 模拟实盘撮合开始
[2026-04-26 14:29:40] 🛑 风控熔断：触发最大回撤
[2026-04-26 14:30:10] 🚀 模拟实盘撮合开始
[2026-04-26 14:30:10] 🛑 风控熔断：触发最大回撤
[2026-04-26 14:30:40] 🚀 模拟实盘撮合开始
[2026-04-26 14:30:40] 🛑 风控熔断：触发最大回撤
[2026-04-26 14:31:10] 🚀 模拟实盘撮合开始
[2026-04-26 14:31:10] 🛑 风控熔断：触发最大回撤
[2026-04-26 14:31:40] 🚀 模拟实盘撮合开始
[2026-04-26 14:31:40] 🛑 风控熔断：触发最大回撤
[2026-04-26 14:32:10] 🚀 模拟实盘撮合开始
[2026-04-26 14:32:10] 🛑 风控熔断：触发最大回撤
[2026-04-26 14:32:40] 🚀 模拟实盘撮合开始
[2026-04-26 14:32:40] 🛑 风控熔断：触发最大回撤
[2026-04-26 14:33:10] 🚀 模拟实盘撮合开始
[2026-04-26 14:33:10] 🛑 风控熔断：触发最大回撤
[2026-04-26 14:33:40] 🚀 模拟实盘撮合开始
[2026-04-26 14:33:40] 🛑 风控熔断：触发最大回撤
[2026-04-26 14:34:10] 🚀 模拟实盘撮合开始
[2026-04-26 14:34:10] 🛑 风控熔断：触发最大回撤
[2026-04-26 14:34:40] 🚀 模拟实盘撮合开始
[2026-04-26 14:34:40] 🛑 风控熔断：触发最大回撤
[2026-04-26 14:35:10] 🚀 模拟实盘撮合开始
[2026-04-26 14:35:10] 🛑 风控熔断：触发最大回撤
[2026-04-26 14:35:40] 🚀 模拟实盘撮合开始
[2026-04-26 14:35:40] 🛑 风控熔断：触发最大回撤
[2026-04-26 14:36:10] 🚀 模拟实盘撮合开始
[2026-04-26 14:36:10] 🛑 风控熔断：触发最大回撤
[2026-04-26 14:36:40] 🚀 模拟实盘撮合开始
[2026-04-26 14:36:40] 🛑 风控熔断：触发最大回撤
[2026-04-26 14:37:10] 🚀 模拟实盘撮合开始
[2026-04-26 14:37:10] 🛑 风控熔断：触发最大回撤
[2026-04-26 14:37:40] 🚀 模拟实盘撮合开始
[2026-04-26 14:37:40] 🛑 风控熔断：触发最大回撤
[2026-04-26 14:38:10] 🚀 模拟实盘撮合开始
[2026-04-26 14:38:10] 🛑 风控熔断：触发最大回撤
[2026-04-26 14:38:40] 🚀 模拟实盘撮合开始
[2026-04-26 14:38:40] 🛑 风控熔断：触发最大回撤
[2026-04-26 14:39:10] 🚀 模拟实盘撮合开始
[2026-04-26 14:39:10] 🛑 风控熔断：触发最大回撤
[2026-04-26 14:39:40] 🚀 模拟实盘撮合开始
[2026-04-26 14:39:40] 🛑 风控熔断：触发最大回撤
[2026-04-26 14:40:10] 🚀 模拟实盘撮合开始
[2026-04-26 14:40:10] 🛑 风控熔断：触发最大回撤
[2026-04-26 14:40:40] 🚀 模拟实盘撮合开始
[2026-04-26 14:40:40] 🛑 风控熔断：触发最大回撤
[2026-04-26 14:41:10] 🚀 模拟实盘撮合开始
[2026-04-26 14:41:10] 🛑 风控熔断：触发最大回撤
[2026-04-26 14:41:40] 🚀 模拟实盘撮合开始
[2026-04-26 14:41:40] 🛑 风控熔断：触发最大回撤
[2026-04-26 14:42:10] 🚀 模拟实盘撮合开始
[2026-04-26 14:42:10] 🛑 风控熔断：触发最大回撤
[2026-04-26 14:42:40] 🚀 模拟实盘撮合开始
[2026-04-26 14:42:40] 🛑 风控熔断：触发最大回撤
[2026-04-26 14:43:10] 🚀 模拟实盘撮合开始
[2026-04-26 14:43:10] 🛑 风控熔断：触发最大回撤
[2026-04-26 14:43:40] 🚀 模拟实盘撮合开始
[2026-04-26 14:43:40] 🛑 风控熔断：触发最大回撤
[2026-04-26 14:44:10] 🚀 模拟实盘撮合开始
[2026-04-26 14:44:10] 🛑 风控熔断：触发最大回撤
[2026-04-26 14:44:40] 🚀 模拟实盘撮合开始
[2026-04-26 14:44:40] 🛑 风控熔断：触发最大回撤
[2026-04-26 14:45:10] 🚀 模拟实盘撮合开始
[2026-04-26 14:45:10] 🛑 风控熔断：触发最大回撤
[2026-04-26 14:45:40] 🚀 模拟实盘撮合开始
[2026-04-26 14:45:40] 🛑 风控熔断：触发最大回撤
[2026-04-26 14:46:10] 🚀 模拟实盘撮合开始
[2026-04-26 14:46:10] 🛑 风控熔断：触发最大回撤
[2026-04-26 14:46:40] 🚀 模拟实盘撮合开始
[2026-04-26 14:46:40] 🛑 风控熔断：触发最大回撤
[2026-04-26 14:47:10] 🚀 模拟实盘撮合开始
[2026-04-26 14:47:10] 🛑 风控熔断：触发最大回撤
[2026-04-26 14:47:40] 🚀 模拟实盘撮合开始
[2026-04-26 14:47:40] 🛑 风控熔断：触发最大回撤
[2026-04-26 14:48:10] 🚀 模拟实盘撮合开始
[2026-04-26 14:48:10] 🛑 风控熔断：触发最大回撤
[2026-04-26 14:48:40] 🚀 模拟实盘撮合开始
[2026-04-26 14:48:40] 🛑 风控熔断：触发最大回撤
[2026-04-26 14:49:10] 🚀 模拟实盘撮合开始
[2026-04-26 14:49:10] 🛑 风控熔断：触发最大回撤
[2026-04-26 14:49:40] 🚀 模拟实盘撮合开始
[2026-04-26 14:49:40] 🛑 风控熔断：触发最大回撤
[2026-04-26 14:50:10] 🚀 模拟实盘撮合开始
[2026-04-26 14:50:10] 🛑 风控熔断：触发最大回撤
[2026-04-26 14:50:40] 🚀 模拟实盘撮合开始
[2026-04-26 14:50:40] 🛑 风控熔断：触发最大回撤
[2026-04-26 14:51:10] 🚀 模拟实盘撮合开始
[2026-04-26 14:51:10] 🛑 风控熔断：触发最大回撤
[2026-04-26 14:51:40] 🚀 模拟实盘撮合开始
[2026-04-26 14:51:40] 🛑 风控熔断：触发最大回撤
[2026-04-26 14:52:10] 🚀 模拟实盘撮合开始
[2026-04-26 14:52:10] 🛑 风控熔断：触发最大回撤
[2026-04-26 14:52:40] 🚀 模拟实盘撮合开始
[2026-04-26 14:52:40] 🛑 风控熔断：触发最大回撤
[2026-04-26 14:53:10] 🚀 模拟实盘撮合开始
[2026-04-26 14:53:10] 🛑 风控熔断：触发最大回撤
[2026-04-26 14:53:40] 🚀 模拟实盘撮合开始
[2026-04-26 14:53:40] 🛑 风控熔断：触发最大回撤
[2026-04-26 14:54:10] 🚀 模拟实盘撮合开始
[2026-04-26 14:54:10] 🛑 风控熔断：触发最大回撤
[2026-04-26 14:54:40] 🚀 模拟实盘撮合开始
[2026-04-26 14:54:40] 🛑 风控熔断：触发最大回撤
[2026-04-26 14:55:10] 🚀 模拟实盘撮合开始
[2026-04-26 14:55:10] 🛑 风控熔断：触发最大回撤
[2026-04-26 14:55:40] 🚀 模拟实盘撮合开始
[2026-04-26 14:55:40] 🛑 风控熔断：触发最大回撤
[2026-04-26 14:56:10] 🚀 模拟实盘撮合开始
[2026-04-26 14:56:10] 🛑 风控熔断：触发最大回撤
[2026-04-26 14:56:40] 🚀 模拟实盘撮合开始
[2026-04-26 14:56:40] 🛑 风控熔断：触发最大回撤
[2026-04-26 14:57:10] 🚀 模拟实盘撮合开始
[2026-04-26 14:57:10] 🛑 风控熔断：触发最大回撤
[2026-04-26 14:57:40] 🚀 模拟实盘撮合开始
[2026-04-26 14:57:40] 🛑 风控熔断：触发最大回撤
[2026-04-26 14:58:10] 🚀 模拟实盘撮合开始
[2026-04-26 14:58:10] 🛑 风控熔断：触发最大回撤
[2026-04-26 14:58:40] 🚀 模拟实盘撮合开始
[2026-04-26 14:58:40] 🛑 风控熔断：触发最大回撤
[2026-04-26 14:59:10] 🚀 模拟实盘撮合开始
[2026-04-26 14:59:10] 🛑 风控熔断：触发最大回撤
[2026-04-26 14:59:40] 🚀 模拟实盘撮合开始
[2026-04-26 14:59:40] 🛑 风控熔断：触发最大回撤
[2026-04-26 15:00:10] 🚀 模拟实盘撮合开始
[2026-04-26 15:00:10] 🛑 风控熔断：触发最大回撤
[2026-04-26 15:00:40] 🚀 模拟实盘撮合开始
[2026-04-26 15:00:40] 🛑 风控熔断：触发最大回撤
[2026-04-26 15:01:10] 🚀 模拟实盘撮合开始
[2026-04-26 15:01:10] 🛑 风控熔断：触发最大回撤
[2026-04-26 15:01:40] 🚀 模拟实盘撮合开始
[2026-04-26 15:01:40] 🛑 风控熔断：触发最大回撤
[2026-04-26 15:02:10] 🚀 模拟实盘撮合开始
[2026-04-26 15:02:10] 🛑 风控熔断：触发最大回撤
[2026-04-26 15:02:40] 🚀 模拟实盘撮合开始
[2026-04-26 15:02:40] 🛑 风控熔断：触发最大回撤
[2026-04-26 15:03:10] 🚀 模拟实盘撮合开始
[2026-04-26 15:03:10] 🛑 风控熔断：触发最大回撤
[2026-04-26 15:03:40] 🚀 模拟实盘撮合开始
[2026-04-26 15:03:40] 🛑 风控熔断：触发最大回撤
[2026-04-26 15:04:10] 🚀 模拟实盘撮合开始
[2026-04-26 15:04:10] 🛑 风控熔断：触发最大回撤
[2026-04-26 15:04:40] 🚀 模拟实盘撮合开始
[2026-04-26 15:04:40] 🛑 风控熔断：触发最大回撤
[2026-04-26 15:05:10] 🚀 模拟实盘撮合开始
[2026-04-26 15:05:10] 🛑 风控熔断：触发最大回撤
[2026-04-26 15:05:40] 🚀 模拟实盘撮合开始
[2026-04-26 15:05:40] 🛑 风控熔断：触发最大回撤
[2026-04-26 15:06:10] 🚀 模拟实盘撮合开始
[2026-04-26 15:06:10] 🛑 风控熔断：触发最大回撤
[2026-04-26 15:06:40] 🚀 模拟实盘撮合开始
[2026-04-26 15:06:40] 🛑 风控熔断：触发最大回撤
[2026-04-26 15:07:10] 🚀 模拟实盘撮合开始
[2026-04-26 15:07:10] 🛑 风控熔断：触发最大回撤
[2026-04-26 15:07:40] 🚀 模拟实盘撮合开始
[2026-04-26 15:07:40] 🛑 风控熔断：触发最大回撤
[2026-04-26 15:08:10] 🚀 模拟实盘撮合开始
[2026-04-26 15:08:10] 🛑 风控熔断：触发最大回撤
[2026-04-26 15:08:40] 🚀 模拟实盘撮合开始
[2026-04-26 15:08:40] 🛑 风控熔断：触发最大回撤
[2026-04-26 15:09:10] 🚀 模拟实盘撮合开始
[2026-04-26 15:09:10] 🛑 风控熔断：触发最大回撤
[2026-04-26 15:09:40] 🚀 模拟实盘撮合开始
[2026-04-26 15:09:40] 🛑 风控熔断：触发最大回撤
[2026-04-26 15:10:10] 🚀 模拟实盘撮合开始
[2026-04-26 15:10:10] 🛑 风控熔断：触发最大回撤
[2026-04-26 15:10:40] 🚀 模拟实盘撮合开始
[2026-04-26 15:10:40] 🛑 风控熔断：触发最大回撤
[2026-04-26 15:11:10] 🚀 模拟实盘撮合开始
[2026-04-26 15:11:10] 🛑 风控熔断：触发最大回撤
[2026-04-26 15:11:40] 🚀 模拟实盘撮合开始
[2026-04-26 15:11:40] 🛑 风控熔断：触发最大回撤
[2026-04-26 15:12:10] 🚀 模拟实盘撮合开始
[2026-04-26 15:12:10] 🛑 风控熔断：触发最大回撤
[2026-04-26 15:12:40] 🚀 模拟实盘撮合开始
[2026-04-26 15:12:40] 🛑 风控熔断：触发最大回撤
[2026-04-26 15:13:10] 🚀 模拟实盘撮合开始
[2026-04-26 15:13:10] 🛑 风控熔断：触发最大回撤
[2026-04-26 15:13:40] 🚀 模拟实盘撮合开始
[2026-04-26 15:13:40] 🛑 风控熔断：触发最大回撤
[2026-04-26 15:14:10] 🚀 模拟实盘撮合开始
[2026-04-26 15:14:10] 🛑 风控熔断：触发最大回撤
[2026-04-26 15:14:40] 🚀 模拟实盘撮合开始
[2026-04-26 15:14:40] 🛑 风控熔断：触发最大回撤
[2026-04-26 15:15:10] 🚀 模拟实盘撮合开始
[2026-04-26 15:15:10] 🛑 风控熔断：触发最大回撤
[2026-04-26 15:15:40] 🚀 模拟实盘撮合开始
[2026-04-26 15:15:40] 🛑 风控熔断：触发最大回撤
[2026-04-26 15:16:10] 🚀 模拟实盘撮合开始
[2026-04-26 15:16:10] 🛑 风控熔断：触发最大回撤
[2026-04-26 15:16:40] 🚀 模拟实盘撮合开始
[2026-04-26 15:16:40] 🛑 风控熔断：触发最大回撤
[2026-04-26 15:17:10] 🚀 模拟实盘撮合开始
[2026-04-26 15:17:10] 🛑 风控熔断：触发最大回撤
[2026-04-26 15:17:40] 🚀 模拟实盘撮合开始
[2026-04-26 15:17:40] 🛑 风控熔断：触发最大回撤
[2026-04-26 15:18:10] 🚀 模拟实盘撮合开始
[2026-04-26 15:18:10] 🛑 风控熔断：触发最大回撤
[2026-04-26 15:18:40] 🚀 模拟实盘撮合开始
[2026-04-26 15:18:40] 🛑 风控熔断：触发最大回撤
[2026-04-26 15:19:10] 🚀 模拟实盘撮合开始
[2026-04-26 15:19:10] 🛑 风控熔断：触发最大回撤
[2026-04-26 15:19:40] 🚀 模拟实盘撮合开始
[2026-04-26 15:19:40] 🛑 风控熔断：触发最大回撤
[2026-04-26 15:20:10] 🚀 模拟实盘撮合开始
[2026-04-26 15:20:10] 🛑 风控熔断：触发最大回撤
[2026-04-26 15:20:40] 🚀 模拟实盘撮合开始
[2026-04-26 15:20:40] 🛑 风控熔断：触发最大回撤
[2026-04-26 15:21:10] 🚀 模拟实盘撮合开始
[2026-04-26 15:21:10] 🛑 风控熔断：触发最大回撤
[2026-04-26 15:21:40] 🚀 模拟实盘撮合开始
[2026-04-26 15:21:40] 🛑 风控熔断：触发最大回撤
[2026-04-26 15:22:10] 🚀 模拟实盘撮合开始
[2026-04-26 15:22:10] 🛑 风控熔断：触发最大回撤
[2026-04-26 15:22:40] 🚀 模拟实盘撮合开始
[2026-04-26 15:22:40] 🛑 风控熔断：触发最大回撤
[2026-04-26 15:23:10] 🚀 模拟实盘撮合开始
[2026-04-26 15:23:10] 🛑 风控熔断：触发最大回撤
[2026-04-26 15:23:40] 🚀 模拟实盘撮合开始
[2026-04-26 15:23:40] 🛑 风控熔断：触发最大回撤
[2026-04-26 15:24:10] 🚀 模拟实盘撮合开始
[2026-04-26 15:24:10] 🛑 风控熔断：触发最大回撤
[2026-04-26 15:24:40] 🚀 模拟实盘撮合开始
[2026-04-26 15:24:40] 🛑 风控熔断：触发最大回撤
[2026-04-26 15:25:10] 🚀 模拟实盘撮合开始
[2026-04-26 15:25:10] 🛑 风控熔断：触发最大回撤
[2026-04-26 15:25:40] 🚀 模拟实盘撮合开始
[2026-04-26 15:25:40] 🛑 风控熔断：触发最大回撤
[2026-04-26 15:26:10] 🚀 模拟实盘撮合开始
[2026-04-26 15:26:10] 🛑 风控熔断：触发最大回撤
[2026-04-26 15:26:40] 🚀 模拟实盘撮合开始
[2026-04-26 15:26:40] 🛑 风控熔断：触发最大回撤
[2026-04-26 15:27:10] 🚀 模拟实盘撮合开始
[2026-04-26 15:27:10] 🛑 风控熔断：触发最大回撤
[2026-04-26 15:27:40] 🚀 模拟实盘撮合开始
[2026-04-26 15:27:40] 🛑 风控熔断：触发最大回撤
[2026-04-26 15:28:10] 🚀 模拟实盘撮合开始
[2026-04-26 15:28:10] 🛑 风控熔断：触发最大回撤
[2026-04-26 15:28:40] 🚀 模拟实盘撮合开始
[2026-04-26 15:28:40] 🛑 风控熔断：触发最大回撤
[2026-04-26 15:29:10] 🚀 模拟实盘撮合开始
[2026-04-26 15:29:10] 🛑 风控熔断：触发最大回撤
[2026-04-26 15:29:40] 🚀 模拟实盘撮合开始
[2026-04-26 15:29:40] 🛑 风控熔断：触发最大回撤
[2026-04-26 15:30:10] 🚀 模拟实盘撮合开始
[2026-04-26 15:30:10] 🛑 风控熔断：触发最大回撤
[2026-04-26 15:30:40] 🚀 模拟实盘撮合开始
[2026-04-26 15:30:40] 🛑 风控熔断：触发最大回撤
[2026-04-26 15:31:10] 🚀 模拟实盘撮合开始
[2026-04-26 15:31:10] 🛑 风控熔断：触发最大回撤
[2026-04-26 15:31:40] 🚀 模拟实盘撮合开始
[2026-04-26 15:31:40] 🛑 风控熔断：触发最大回撤
[2026-04-26 15:32:10] 🚀 模拟实盘撮合开始
[2026-04-26 15:32:10] 🛑 风控熔断：触发最大回撤
[2026-04-26 15:32:40] 🚀 模拟实盘撮合开始
[2026-04-26 15:32:40] 🛑 风控熔断：触发最大回撤
[2026-04-26 15:33:10] 🚀 模拟实盘撮合开始
[2026-04-26 15:33:10] 🛑 风控熔断：触发最大回撤
[2026-04-26 15:33:40] 🚀 模拟实盘撮合开始
[2026-04-26 15:33:40] 🛑 风控熔断：触发最大回撤
[2026-04-26 15:34:10] 🚀 模拟实盘撮合开始
[2026-04-26 15:34:10] 🛑 风控熔断：触发最大回撤
[2026-04-26 15:34:40] 🚀 模拟实盘撮合开始
[2026-04-26 15:34:40] 🛑 风控熔断：触发最大回撤
[2026-04-26 15:35:10] 🚀 模拟实盘撮合开始
[2026-04-26 15:35:10] 🛑 风控熔断：触发最大回撤
[2026-04-26 15:35:40] 🚀 模拟实盘撮合开始
[2026-04-26 15:35:40] 🛑 风控熔断：触发最大回撤
[2026-04-26 15:36:10] 🚀 模拟实盘撮合开始
[2026-04-26 15:36:10] 🛑 风控熔断：触发最大回撤
[2026-04-26 15:36:40] 🚀 模拟实盘撮合开始
[2026-04-26 15:36:40] 🛑 风控熔断：触发最大回撤
[2026-04-26 15:37:10] 🚀 模拟实盘撮合开始
[2026-04-26 15:37:10] 🛑 风控熔断：触发最大回撤
[2026-04-26 15:37:40] 🚀 模拟实盘撮合开始
[2026-04-26 15:37:40] 🛑 风控熔断：触发最大回撤
[2026-04-26 15:38:10] 🚀 模拟实盘撮合开始
[2026-04-26 15:38:10] 🛑 风控熔断：触发最大回撤
[2026-04-26 15:38:40] 🚀 模拟实盘撮合开始
[2026-04-26 15:38:40] 🛑 风控熔断：触发最大回撤
[2026-04-26 15:39:10] 🚀 模拟实盘撮合开始
[2026-04-26 15:39:10] 🛑 风控熔断：触发最大回撤
[2026-04-26 15:39:40] 🚀 模拟实盘撮合开始
[2026-04-26 15:39:40] 🛑 风控熔断：触发最大回撤
[2026-04-26 15:40:10] 🚀 模拟实盘撮合开始
[2026-04-26 15:40:10] 🛑 风控熔断：触发最大回撤
[2026-04-26 15:40:40] 🚀 模拟实盘撮合开始
[2026-04-26 15:40:40] 🛑 风控熔断：触发最大回撤
[2026-04-26 15:41:10] 🚀 模拟实盘撮合开始
[2026-04-26 15:41:10] 🛑 风控熔断：触发最大回撤
[2026-04-26 15:41:40] 🚀 模拟实盘撮合开始
[2026-04-26 15:41:40] 🛑 风控熔断：触发最大回撤
[2026-04-26 15:42:10] 🚀 模拟实盘撮合开始
[2026-04-26 15:42:10] 🛑 风控熔断：触发最大回撤
[2026-04-26 15:42:40] 🚀 模拟实盘撮合开始
[2026-04-26 15:42:40] 🛑 风控熔断：触发最大回撤
[2026-04-26 15:43:10] 🚀 模拟实盘撮合开始
[2026-04-26 15:43:10] 🛑 风控熔断：触发最大回撤
[2026-04-26 15:43:40] 🚀 模拟实盘撮合开始
[2026-04-26 15:43:40] 🛑 风控熔断：触发最大回撤
[2026-04-26 15:44:10] 🚀 模拟实盘撮合开始
[2026-04-26 15:44:10] 🛑 风控熔断：触发最大回撤
[2026-04-26 15:44:40] 🚀 模拟实盘撮合开始
[2026-04-26 15:44:40] 🛑 风控熔断：触发最大回撤
[2026-04-26 15:45:10] 🚀 模拟实盘撮合开始
[2026-04-26 15:45:10] 🛑 风控熔断：触发最大回撤
[2026-04-26 15:45:40] 🚀 模拟实盘撮合开始
[2026-04-26 15:45:40] 🛑 风控熔断：触发最大回撤
[2026-04-26 15:46:10] 🚀 模拟实盘撮合开始
[2026-04-26 15:46:10] 🛑 风控熔断：触发最大回撤
[2026-04-26 15:46:40] 🚀 模拟实盘撮合开始
[2026-04-26 15:46:40] 🛑 风控熔断：触发最大回撤
[2026-04-26 15:47:10] 🚀 模拟实盘撮合开始
[2026-04-26 15:47:10] 🛑 风控熔断：触发最大回撤
[2026-04-26 15:47:40] 🚀 模拟实盘撮合开始
[2026-04-26 15:47:40] 🛑 风控熔断：触发最大回撤
[2026-04-26 15:48:10] 🚀 模拟实盘撮合开始
[2026-04-26 15:48:10] 🛑 风控熔断：触发最大回撤
[2026-04-26 15:48:40] 🚀 模拟实盘撮合开始
[2026-04-26 15:48:40] 🛑 风控熔断：触发最大回撤
2026-04-26 15:48:42 | INFO | 📚 模型未找到，开始训练...
2026-04-26 15:48:42 | INFO | 🧠 Walk-forward训练开始
2026-04-26 15:49:06 | INFO | 📚 模型未找到，开始训练...
2026-04-26 15:49:06 | INFO | 🧠 Walk-forward训练开始
2026-04-26 15:49:07 | INFO | ❌ 无法找到共同日期，训练跳过
2026-04-26 15:49:07 | INFO | 🔄 系统开始运行（A股交易时间执行）
2026-04-26 15:49:07 | INFO | ⏸️ 非交易时间，等待
[2026-04-26 15:49:10] 🚀 模拟实盘撮合开始
[2026-04-26 15:49:10] 🛑 风控熔断：触发最大回撤
2026-04-26 15:49:27 | INFO | ⏸️ 非交易时间，等待
[2026-04-26 15:49:40] 🚀 模拟实盘撮合开始
[2026-04-26 15:49:40] 🛑 风控熔断：触发最大回撤
2026-04-26 15:49:47 | INFO | ⏸️ 非交易时间，等待
2026-04-26 15:50:07 | INFO | ⏸️ 非交易时间，等待
[2026-04-26 15:50:10] 🚀 模拟实盘撮合开始
[2026-04-26 15:50:10] 🛑 风控熔断：触发最大回撤
2026-04-26 15:50:27 | INFO | ⏸️ 非交易时间，等待
[2026-04-26 15:50:40] 🚀 模拟实盘撮合开始
[2026-04-26 15:50:40] 🛑 风控熔断：触发最大回撤
2026-04-26 15:50:47 | INFO | ⏸️ 非交易时间，等待
2026-04-26 15:51:07 | INFO | ⏸️ 非交易时间，等待
[2026-04-26 15:51:10] 🚀 模拟实盘撮合开始
[2026-04-26 15:51:10] 🛑 风控熔断：触发最大回撤
2026-04-26 15:51:27 | INFO | ⏸️ 非交易时间，等待
[2026-04-26 15:51:40] 🚀 模拟实盘撮合开始
[2026-04-26 15:51:40] 🛑 风控熔断：触发最大回撤
2026-04-26 15:51:47 | INFO | ⏸️ 非交易时间，等待
2026-04-26 15:52:07 | INFO | ⏸️ 非交易时间，等待
[2026-04-26 15:52:10] 🚀 模拟实盘撮合开始
[2026-04-26 15:52:10] 🛑 风控熔断：触发最大回撤
2026-04-26 15:52:27 | INFO | ⏸️ 非交易时间，等待
[2026-04-26 15:52:40] 🚀 模拟实盘撮合开始
[2026-04-26 15:52:40] 🛑 风控熔断：触发最大回撤
2026-04-26 15:52:47 | INFO | ⏸️ 非交易时间，等待
2026-04-26 15:53:07 | INFO | ⏸️ 非交易时间，等待
[2026-04-26 15:53:10] 🚀 模拟实盘撮合开始
[2026-04-26 15:53:10] 🛑 风控熔断：触发最大回撤
2026-04-26 15:53:27 | INFO | ⏸️ 非交易时间，等待
[2026-04-26 15:53:40] 🚀 模拟实盘撮合开始
[2026-04-26 15:53:40] 🛑 风控熔断：触发最大回撤
2026-04-26 15:53:47 | INFO | ⏸️ 非交易时间，等待
2026-04-26 15:54:07 | INFO | ⏸️ 非交易时间，等待
[2026-04-26 15:54:10] 🚀 模拟实盘撮合开始
[2026-04-26 15:54:10] 🛑 风控熔断：触发最大回撤
2026-04-26 15:54:27 | INFO | ⏸️ 非交易时间，等待
[2026-04-26 15:54:40] 🚀 模拟实盘撮合开始
[2026-04-26 15:54:40] 🛑 风控熔断：触发最大回撤
2026-04-26 15:54:47 | INFO | ⏸️ 非交易时间，等待
2026-04-26 15:55:07 | INFO | ⏸️ 非交易时间，等待
[2026-04-26 15:55:10] 🚀 模拟实盘撮合开始
[2026-04-26 15:55:10] 🛑 风控熔断：触发最大回撤
2026-04-26 15:55:27 | INFO | ⏸️ 非交易时间，等待
[2026-04-26 15:55:40] 🚀 模拟实盘撮合开始
[2026-04-26 15:55:40] 🛑 风控熔断：触发最大回撤
2026-04-26 15:55:47 | INFO | ⏸️ 非交易时间，等待
2026-04-26 15:56:07 | INFO | ⏸️ 非交易时间，等待
[2026-04-26 15:56:10] 🚀 模拟实盘撮合开始
[2026-04-26 15:56:10] 🛑 风控熔断：触发最大回撤
2026-04-26 15:56:27 | INFO | ⏸️ 非交易时间，等待
[2026-04-26 15:56:40] 🚀 模拟实盘撮合开始
[2026-04-26 15:56:40] 🛑 风控熔断：触发最大回撤
2026-04-26 15:56:47 | INFO | ⏸️ 非交易时间，等待
2026-04-26 15:57:07 | INFO | ⏸️ 非交易时间，等待
[2026-04-26 15:57:10] 🚀 模拟实盘撮合开始
[2026-04-26 15:57:10] 🛑 风控熔断：触发最大回撤
2026-04-26 15:57:27 | INFO | ⏸️ 非交易时间，等待
[2026-04-26 15:57:40] 🚀 模拟实盘撮合开始
[2026-04-26 15:57:40] 🛑 风控熔断：触发最大回撤
2026-04-26 15:57:47 | INFO | ⏸️ 非交易时间，等待
2026-04-26 15:58:07 | INFO | ⏸️ 非交易时间，等待
[2026-04-26 15:58:10] 🚀 模拟实盘撮合开始
[2026-04-26 15:58:10] 🛑 风控熔断：触发最大回撤
2026-04-26 15:58:25 | INFO | 📚 模型未找到，开始训练...
2026-04-26 15:58:25 | INFO | 🧠 Walk-forward训练开始
2026-04-26 15:58:26 | INFO | ❌ 无法找到共同日期，训练跳过
2026-04-26 15:58:26 | INFO | 🔄 系统开始运行（A股交易时间执行）
2026-04-26 15:58:26 | INFO | ⏸️ 非交易时间，等待
2026-04-26 15:58:27 | INFO | ⏸️ 非交易时间，等待
[2026-04-26 15:58:40] 🚀 模拟实盘撮合开始
[2026-04-26 15:58:40] 🛑 风控熔断：触发最大回撤
2026-04-26 15:58:46 | INFO | ⏸️ 非交易时间，等待
2026-04-26 15:58:47 | INFO | ⏸️ 非交易时间，等待
2026-04-26 15:59:06 | INFO | ⏸️ 非交易时间，等待
2026-04-26 15:59:07 | INFO | ⏸️ 非交易时间，等待
[2026-04-26 15:59:10] 🚀 模拟实盘撮合开始
[2026-04-26 15:59:10] 🛑 风控熔断：触发最大回撤
2026-04-26 15:59:26 | INFO | ⏸️ 非交易时间，等待
2026-04-26 15:59:27 | INFO | ⏸️ 非交易时间，等待
[2026-04-26 15:59:40] 🚀 模拟实盘撮合开始
[2026-04-26 15:59:40] 🛑 风控熔断：触发最大回撤
2026-04-26 15:59:46 | INFO | ⏸️ 非交易时间，等待
2026-04-26 15:59:47 | INFO | ⏸️ 非交易时间，等待
2026-04-26 16:00:06 | INFO | ⏸️ 非交易时间，等待
2026-04-26 16:00:07 | INFO | ⏸️ 非交易时间，等待
[2026-04-26 16:00:10] 🚀 模拟实盘撮合开始
[2026-04-26 16:00:10] 🛑 风控熔断：触发最大回撤
2026-04-26 16:00:26 | INFO | ⏸️ 非交易时间，等待
2026-04-26 16:00:27 | INFO | ⏸️ 非交易时间，等待
[2026-04-26 16:00:40] 🚀 模拟实盘撮合开始
[2026-04-26 16:00:40] 🛑 风控熔断：触发最大回撤
2026-04-26 16:00:46 | INFO | ⏸️ 非交易时间，等待
2026-04-26 16:00:47 | INFO | ⏸️ 非交易时间，等待
2026-04-26 16:01:06 | INFO | ⏸️ 非交易时间，等待
2026-04-26 16:01:07 | INFO | ⏸️ 非交易时间，等待
[2026-04-26 16:01:10] 🚀 模拟实盘撮合开始
[2026-04-26 16:01:10] 🛑 风控熔断：触发最大回撤
2026-04-26 16:01:26 | INFO | ⏸️ 非交易时间，等待
2026-04-26 16:01:27 | INFO | ⏸️ 非交易时间，等待
[2026-04-26 16:01:40] 🚀 模拟实盘撮合开始
[2026-04-26 16:01:40] 🛑 风控熔断：触发最大回撤
2026-04-26 16:01:46 | INFO | ⏸️ 非交易时间，等待
2026-04-26 16:01:47 | INFO | ⏸️ 非交易时间，等待
2026-04-26 16:02:06 | INFO | ⏸️ 非交易时间，等待
2026-04-26 16:02:07 | INFO | ⏸️ 非交易时间，等待
[2026-04-26 16:02:10] 🚀 模拟实盘撮合开始
[2026-04-26 16:02:10] 🛑 风控熔断：触发最大回撤
2026-04-26 16:02:26 | INFO | ⏸️ 非交易时间，等待
2026-04-26 16:02:27 | INFO | ⏸️ 非交易时间，等待
[2026-04-26 16:02:40] 🚀 模拟实盘撮合开始
[2026-04-26 16:02:40] 🛑 风控熔断：触发最大回撤
2026-04-26 16:02:46 | INFO | ⏸️ 非交易时间，等待
2026-04-26 16:02:47 | INFO | ⏸️ 非交易时间，等待
2026-04-26 16:03:06 | INFO | ⏸️ 非交易时间，等待
2026-04-26 16:03:07 | INFO | ⏸️ 非交易时间，等待
[2026-04-26 16:03:10] 🚀 模拟实盘撮合开始
[2026-04-26 16:03:10] 🛑 风控熔断：触发最大回撤
2026-04-26 16:03:26 | INFO | ⏸️ 非交易时间，等待
2026-04-26 16:03:27 | INFO | ⏸️ 非交易时间，等待
[2026-04-26 16:03:40] 🚀 模拟实盘撮合开始
[2026-04-26 16:03:40] 🛑 风控熔断：触发最大回撤
2026-04-26 16:03:46 | INFO | ⏸️ 非交易时间，等待
2026-04-26 16:03:47 | INFO | ⏸️ 非交易时间，等待
2026-04-26 16:04:06 | INFO | ⏸️ 非交易时间，等待
2026-04-26 16:04:07 | INFO | ⏸️ 非交易时间，等待
[2026-04-26 16:04:10] 🚀 模拟实盘撮合开始
[2026-04-26 16:04:10] 🛑 风控熔断：触发最大回撤
2026-04-26 16:04:26 | INFO | ⏸️ 非交易时间，等待
2026-04-26 16:04:27 | INFO | ⏸️ 非交易时间，等待
[2026-04-26 16:04:40] 🚀 模拟实盘撮合开始
[2026-04-26 16:04:40] 🛑 风控熔断：触发最大回撤
2026-04-26 16:04:46 | INFO | ⏸️ 非交易时间，等待
2026-04-26 16:04:47 | INFO | ⏸️ 非交易时间，等待
2026-04-26 16:05:06 | INFO | ⏸️ 非交易时间，等待
2026-04-26 16:05:07 | INFO | ⏸️ 非交易时间，等待
[2026-04-26 16:05:10] 🚀 模拟实盘撮合开始
[2026-04-26 16:05:10] 🛑 风控熔断：触发最大回撤
2026-04-26 16:05:26 | INFO | ⏸️ 非交易时间，等待
2026-04-26 16:05:27 | INFO | ⏸️ 非交易时间，等待
[2026-04-26 16:05:40] 🚀 模拟实盘撮合开始
[2026-04-26 16:05:40] 🛑 风控熔断：触发最大回撤
2026-04-26 16:05:46 | INFO | ⏸️ 非交易时间，等待
2026-04-26 16:05:47 | INFO | ⏸️ 非交易时间，等待
2026-04-26 16:06:06 | INFO | ⏸️ 非交易时间，等待
2026-04-26 16:06:07 | INFO | ⏸️ 非交易时间，等待
[2026-04-26 16:06:10] 🚀 模拟实盘撮合开始
[2026-04-26 16:06:10] 🛑 风控熔断：触发最大回撤
2026-04-26 16:06:26 | INFO | ⏸️ 非交易时间，等待
2026-04-26 16:06:27 | INFO | ⏸️ 非交易时间，等待
[2026-04-26 16:06:40] 🚀 模拟实盘撮合开始
[2026-04-26 16:06:40] 🛑 风控熔断：触发最大回撤
2026-04-26 16:06:46 | INFO | ⏸️ 非交易时间，等待
2026-04-26 16:06:47 | INFO | ⏸️ 非交易时间，等待
2026-04-26 16:07:06 | INFO | ⏸️ 非交易时间，等待
2026-04-26 16:07:07 | INFO | ⏸️ 非交易时间，等待
[2026-04-26 16:07:10] 🚀 模拟实盘撮合开始
[2026-04-26 16:07:10] 🛑 风控熔断：触发最大回撤
2026-04-26 16:07:26 | INFO | ⏸️ 非交易时间，等待
2026-04-26 16:07:27 | INFO | ⏸️ 非交易时间，等待
[2026-04-26 16:07:40] 🚀 模拟实盘撮合开始
[2026-04-26 16:07:40] 🛑 风控熔断：触发最大回撤
2026-04-26 16:07:46 | INFO | ⏸️ 非交易时间，等待
2026-04-26 16:07:47 | INFO | ⏸️ 非交易时间，等待
2026-04-26 16:08:06 | INFO | ⏸️ 非交易时间，等待
2026-04-26 16:08:07 | INFO | ⏸️ 非交易时间，等待
[2026-04-26 16:08:10] 🚀 模拟实盘撮合开始
[2026-04-26 16:08:10] 🛑 风控熔断：触发最大回撤
2026-04-26 16:08:26 | INFO | ⏸️ 非交易时间，等待
2026-04-26 16:08:27 | INFO | ⏸️ 非交易时间，等待
[2026-04-26 16:08:40] 🚀 模拟实盘撮合开始
[2026-04-26 16:08:40] 🛑 风控熔断：触发最大回撤
2026-04-26 16:08:46 | INFO | ⏸️ 非交易时间，等待
2026-04-26 16:08:47 | INFO | ⏸️ 非交易时间，等待
2026-04-26 16:09:06 | INFO | ⏸️ 非交易时间，等待
2026-04-26 16:09:07 | INFO | ⏸️ 非交易时间，等待
[2026-04-26 16:09:10] 🚀 模拟实盘撮合开始
[2026-04-26 16:09:10] 🛑 风控熔断：触发最大回撤
2026-04-26 16:09:26 | INFO | ⏸️ 非交易时间，等待
2026-04-26 16:09:27 | INFO | ⏸️ 非交易时间，等待
[2026-04-26 16:09:40] 🚀 模拟实盘撮合开始
[2026-04-26 16:09:40] 🛑 风控熔断：触发最大回撤
2026-04-26 16:09:46 | INFO | ⏸️ 非交易时间，等待
2026-04-26 16:09:47 | INFO | ⏸️ 非交易时间，等待
2026-04-26 16:10:06 | INFO | ⏸️ 非交易时间，等待
2026-04-26 16:10:07 | INFO | ⏸️ 非交易时间，等待
[2026-04-26 16:10:10] 🚀 模拟实盘撮合开始
[2026-04-26 16:10:10] 🛑 风控熔断：触发最大回撤
2026-04-26 16:10:26 | INFO | ⏸️ 非交易时间，等待
2026-04-26 16:10:27 | INFO | ⏸️ 非交易时间，等待
[2026-04-26 16:10:40] 🚀 模拟实盘撮合开始
[2026-04-26 16:10:40] 🛑 风控熔断：触发最大回撤
2026-04-26 16:10:46 | INFO | ⏸️ 非交易时间，等待
2026-04-26 16:10:47 | INFO | ⏸️ 非交易时间，等待
2026-04-26 16:11:06 | INFO | ⏸️ 非交易时间，等待
2026-04-26 16:11:07 | INFO | ⏸️ 非交易时间，等待
[2026-04-26 16:11:10] 🚀 模拟实盘撮合开始
[2026-04-26 16:11:10] 🛑 风控熔断：触发最大回撤
2026-04-26 16:11:26 | INFO | ⏸️ 非交易时间，等待
2026-04-26 16:11:27 | INFO | ⏸️ 非交易时间，等待
[2026-04-26 16:11:40] 🚀 模拟实盘撮合开始
[2026-04-26 16:11:40] 🛑 风控熔断：触发最大回撤
2026-04-26 16:11:46 | INFO | ⏸️ 非交易时间，等待
2026-04-26 16:11:47 | INFO | ⏸️ 非交易时间，等待
2026-04-26 16:12:06 | INFO | ⏸️ 非交易时间，等待
2026-04-26 16:12:07 | INFO | ⏸️ 非交易时间，等待
[2026-04-26 16:12:10] 🚀 模拟实盘撮合开始
[2026-04-26 16:12:10] 🛑 风控熔断：触发最大回撤
2026-04-26 16:12:26 | INFO | ⏸️ 非交易时间，等待
2026-04-26 16:12:27 | INFO | ⏸️ 非交易时间，等待
[2026-04-26 16:12:40] 🚀 模拟实盘撮合开始
[2026-04-26 16:12:40] 🛑 风控熔断：触发最大回撤
2026-04-26 16:12:46 | INFO | ⏸️ 非交易时间，等待
2026-04-26 16:12:47 | INFO | ⏸️ 非交易时间，等待
2026-04-26 16:13:06 | INFO | ⏸️ 非交易时间，等待
2026-04-26 16:13:07 | INFO | ⏸️ 非交易时间，等待
[2026-04-26 16:13:10] 🚀 模拟实盘撮合开始
[2026-04-26 16:13:10] 🛑 风控熔断：触发最大回撤
2026-04-26 16:13:26 | INFO | ⏸️ 非交易时间，等待
2026-04-26 16:13:27 | INFO | ⏸️ 非交易时间，等待
[2026-04-26 16:13:40] 🚀 模拟实盘撮合开始
[2026-04-26 16:13:40] 🛑 风控熔断：触发最大回撤
2026-04-26 16:13:46 | INFO | ⏸️ 非交易时间，等待
2026-04-26 16:13:47 | INFO | ⏸️ 非交易时间，等待
2026-04-26 16:14:06 | INFO | ⏸️ 非交易时间，等待
2026-04-26 16:14:07 | INFO | ⏸️ 非交易时间，等待
[2026-04-26 16:14:10] 🚀 模拟实盘撮合开始
[2026-04-26 16:14:10] 🛑 风控熔断：触发最大回撤
2026-04-26 16:14:26 | INFO | ⏸️ 非交易时间，等待
2026-04-26 16:14:27 | INFO | ⏸️ 非交易时间，等待
[2026-04-26 16:14:40] 🚀 模拟实盘撮合开始
[2026-04-26 16:14:40] 🛑 风控熔断：触发最大回撤
2026-04-26 16:14:46 | INFO | ⏸️ 非交易时间，等待
2026-04-26 16:14:47 | INFO | ⏸️ 非交易时间，等待
2026-04-26 16:15:06 | INFO | ⏸️ 非交易时间，等待
2026-04-26 16:15:07 | INFO | ⏸️ 非交易时间，等待
[2026-04-26 16:15:10] 🚀 模拟实盘撮合开始
[2026-04-26 16:15:10] 🛑 风控熔断：触发最大回撤
2026-04-26 16:15:26 | INFO | ⏸️ 非交易时间，等待
2026-04-26 16:15:27 | INFO | ⏸️ 非交易时间，等待
[2026-04-26 16:15:40] 🚀 模拟实盘撮合开始
[2026-04-26 16:15:40] 🛑 风控熔断：触发最大回撤
2026-04-26 16:15:46 | INFO | ⏸️ 非交易时间，等待
2026-04-26 16:15:47 | INFO | ⏸️ 非交易时间，等待
2026-04-26 16:16:06 | INFO | ⏸️ 非交易时间，等待
2026-04-26 16:16:07 | INFO | ⏸️ 非交易时间，等待
[2026-04-26 16:16:10] 🚀 模拟实盘撮合开始
[2026-04-26 16:16:10] 🛑 风控熔断：触发最大回撤
2026-04-26 16:16:26 | INFO | ⏸️ 非交易时间，等待
2026-04-26 16:16:27 | INFO | ⏸️ 非交易时间，等待
[2026-04-26 16:16:40] 🚀 模拟实盘撮合开始
[2026-04-26 16:16:40] 🛑 风控熔断：触发最大回撤
2026-04-26 16:16:46 | INFO | ⏸️ 非交易时间，等待
2026-04-26 16:16:47 | INFO | ⏸️ 非交易时间，等待
2026-04-26 16:17:06 | INFO | ⏸️ 非交易时间，等待
2026-04-26 16:17:07 | INFO | ⏸️ 非交易时间，等待
[2026-04-26 16:17:10] 🚀 模拟实盘撮合开始
[2026-04-26 16:17:10] 🛑 风控熔断：触发最大回撤
2026-04-26 16:17:26 | INFO | ⏸️ 非交易时间，等待
2026-04-26 16:17:27 | INFO | ⏸️ 非交易时间，等待
[2026-04-26 16:17:40] 🚀 模拟实盘撮合开始
[2026-04-26 16:17:40] 🛑 风控熔断：触发最大回撤
2026-04-26 16:17:46 | INFO | ⏸️ 非交易时间，等待
2026-04-26 16:17:47 | INFO | ⏸️ 非交易时间，等待
2026-04-26 16:18:06 | INFO | ⏸️ 非交易时间，等待
2026-04-26 16:18:07 | INFO | ⏸️ 非交易时间，等待
[2026-04-26 16:18:10] 🚀 模拟实盘撮合开始
[2026-04-26 16:18:10] 🛑 风控熔断：触发最大回撤
2026-04-26 16:18:26 | INFO | ⏸️ 非交易时间，等待
2026-04-26 16:18:27 | INFO | ⏸️ 非交易时间，等待
[2026-04-26 16:18:40] 🚀 模拟实盘撮合开始
[2026-04-26 16:18:40] 🛑 风控熔断：触发最大回撤
2026-04-26 16:18:46 | INFO | ⏸️ 非交易时间，等待
2026-04-26 16:18:47 | INFO | ⏸️ 非交易时间，等待
2026-04-26 16:19:06 | INFO | ⏸️ 非交易时间，等待
2026-04-26 16:19:07 | INFO | ⏸️ 非交易时间，等待
[2026-04-26 16:19:10] 🚀 模拟实盘撮合开始
[2026-04-26 16:19:10] 🛑 风控熔断：触发最大回撤
2026-04-26 16:19:26 | INFO | ⏸️ 非交易时间，等待
2026-04-26 16:19:27 | INFO | ⏸️ 非交易时间，等待
[2026-04-26 16:19:40] 🚀 模拟实盘撮合开始
[2026-04-26 16:19:40] 🛑 风控熔断：触发最大回撤
2026-04-26 16:19:46 | INFO | ⏸️ 非交易时间，等待
2026-04-26 16:19:47 | INFO | ⏸️ 非交易时间，等待
2026-04-26 16:20:06 | INFO | ⏸️ 非交易时间，等待
2026-04-26 16:20:07 | INFO | ⏸️ 非交易时间，等待
[2026-04-26 16:20:10] 🚀 模拟实盘撮合开始
[2026-04-26 16:20:10] 🛑 风控熔断：触发最大回撤
2026-04-26 16:20:26 | INFO | ⏸️ 非交易时间，等待
2026-04-26 16:20:27 | INFO | ⏸️ 非交易时间，等待
[2026-04-26 16:20:40] 🚀 模拟实盘撮合开始
[2026-04-26 16:20:40] 🛑 风控熔断：触发最大回撤
2026-04-26 16:20:46 | INFO | ⏸️ 非交易时间，等待
2026-04-26 16:20:47 | INFO | ⏸️ 非交易时间，等待
2026-04-26 16:21:07 | INFO | ⏸️ 非交易时间，等待
[2026-04-26 16:21:10] 🚀 模拟实盘撮合开始
[2026-04-26 16:21:10] 🛑 风控熔断：触发最大回撤
2026-04-26 16:21:27 | INFO | ⏸️ 非交易时间，等待
[2026-04-26 16:21:40] 🚀 模拟实盘撮合开始
[2026-04-26 16:21:40] 🛑 风控熔断：触发最大回撤
2026-04-26 16:21:47 | INFO | ⏸️ 非交易时间，等待
2026-04-26 16:22:07 | INFO | ⏸️ 非交易时间，等待
[2026-04-26 16:22:10] 🚀 模拟实盘撮合开始
[2026-04-26 16:22:10] 🛑 风控熔断：触发最大回撤
2026-04-26 16:22:27 | INFO | ⏸️ 非交易时间，等待
[2026-04-26 16:22:40] 🚀 模拟实盘撮合开始
[2026-04-26 16:22:40] 🛑 风控熔断：触发最大回撤
2026-04-26 16:22:47 | INFO | ⏸️ 非交易时间，等待
2026-04-26 16:23:07 | INFO | ⏸️ 非交易时间，等待
[2026-04-26 16:23:10] 🚀 模拟实盘撮合开始
[2026-04-26 16:23:10] 🛑 风控熔断：触发最大回撤
2026-04-26 16:23:27 | INFO | ⏸️ 非交易时间，等待
[2026-04-26 16:23:40] 🚀 模拟实盘撮合开始
[2026-04-26 16:23:40] 🛑 风控熔断：触发最大回撤
2026-04-26 16:23:47 | INFO | ⏸️ 非交易时间，等待
2026-04-26 16:24:07 | INFO | ⏸️ 非交易时间，等待
[2026-04-26 16:24:10] 🚀 模拟实盘撮合开始
[2026-04-26 16:24:10] 🛑 风控熔断：触发最大回撤
2026-04-26 16:24:27 | INFO | ⏸️ 非交易时间，等待
[2026-04-26 16:24:40] 🚀 模拟实盘撮合开始
[2026-04-26 16:24:40] 🛑 风控熔断：触发最大回撤
2026-04-26 16:24:47 | INFO | ⏸️ 非交易时间，等待
2026-04-26 16:25:07 | INFO | ⏸️ 非交易时间，等待
[2026-04-26 16:25:10] 🚀 模拟实盘撮合开始
[2026-04-26 16:25:10] 🛑 风控熔断：触发最大回撤
2026-04-26 16:25:27 | INFO | ⏸️ 非交易时间，等待
[2026-04-26 16:25:40] 🚀 模拟实盘撮合开始
[2026-04-26 16:25:40] 🛑 风控熔断：触发最大回撤
2026-04-26 16:25:47 | INFO | ⏸️ 非交易时间，等待
2026-04-26 16:26:07 | INFO | ⏸️ 非交易时间，等待
[2026-04-26 16:26:10] 🚀 模拟实盘撮合开始
[2026-04-26 16:26:10] 🛑 风控熔断：触发最大回撤
2026-04-26 16:26:27 | INFO | ⏸️ 非交易时间，等待
[2026-04-26 16:26:40] 🚀 模拟实盘撮合开始
[2026-04-26 16:26:40] 🛑 风控熔断：触发最大回撤
2026-04-26 16:26:47 | INFO | ⏸️ 非交易时间，等待
2026-04-26 16:27:07 | INFO | ⏸️ 非交易时间，等待
[2026-04-26 16:27:10] 🚀 模拟实盘撮合开始
[2026-04-26 16:27:10] 🛑 风控熔断：触发最大回撤
2026-04-26 16:27:27 | INFO | ⏸️ 非交易时间，等待
[2026-04-26 16:27:40] 🚀 模拟实盘撮合开始
[2026-04-26 16:27:40] 🛑 风控熔断：触发最大回撤
2026-04-26 16:27:47 | INFO | ⏸️ 非交易时间，等待
2026-04-26 16:28:07 | INFO | ⏸️ 非交易时间，等待
[2026-04-26 16:28:10] 🚀 模拟实盘撮合开始
[2026-04-26 16:28:10] 🛑 风控熔断：触发最大回撤
2026-04-26 16:28:27 | INFO | ⏸️ 非交易时间，等待
[2026-04-26 16:28:40] 🚀 模拟实盘撮合开始
[2026-04-26 16:28:40] 🛑 风控熔断：触发最大回撤
2026-04-26 16:28:47 | INFO | ⏸️ 非交易时间，等待
2026-04-26 16:29:07 | INFO | ⏸️ 非交易时间，等待
[2026-04-26 16:29:10] 🚀 模拟实盘撮合开始
[2026-04-26 16:29:10] 🛑 风控熔断：触发最大回撤
2026-04-26 16:29:27 | INFO | ⏸️ 非交易时间，等待
[2026-04-26 16:29:40] 🚀 模拟实盘撮合开始
[2026-04-26 16:29:40] 🛑 风控熔断：触发最大回撤
2026-04-26 16:29:47 | INFO | ⏸️ 非交易时间，等待
2026-04-26 16:30:07 | INFO | ⏸️ 非交易时间，等待
[2026-04-26 16:30:10] 🚀 模拟实盘撮合开始
[2026-04-26 16:30:10] 🛑 风控熔断：触发最大回撤
2026-04-26 16:30:27 | INFO | ⏸️ 非交易时间，等待
[2026-04-26 16:30:40] 🚀 模拟实盘撮合开始
[2026-04-26 16:30:40] 🛑 风控熔断：触发最大回撤
2026-04-26 16:30:47 | INFO | ⏸️ 非交易时间，等待
2026-04-26 16:31:07 | INFO | ⏸️ 非交易时间，等待
[2026-04-26 16:31:10] 🚀 模拟实盘撮合开始
[2026-04-26 16:31:10] 🛑 风控熔断：触发最大回撤
2026-04-26 16:31:27 | INFO | ⏸️ 非交易时间，等待
[2026-04-26 16:31:40] 🚀 模拟实盘撮合开始
[2026-04-26 16:31:40] 🛑 风控熔断：触发最大回撤
2026-04-26 16:31:47 | INFO | ⏸️ 非交易时间，等待
2026-04-26 16:32:07 | INFO | ⏸️ 非交易时间，等待
[2026-04-26 16:32:10] 🚀 模拟实盘撮合开始
[2026-04-26 16:32:10] 🛑 风控熔断：触发最大回撤
2026-04-26 16:32:27 | INFO | ⏸️ 非交易时间，等待
[2026-04-26 16:32:40] 🚀 模拟实盘撮合开始
[2026-04-26 16:32:40] 🛑 风控熔断：触发最大回撤
2026-04-26 16:32:47 | INFO | ⏸️ 非交易时间，等待
2026-04-26 16:33:07 | INFO | ⏸️ 非交易时间，等待
[2026-04-26 16:33:10] 🚀 模拟实盘撮合开始
[2026-04-26 16:33:10] 🛑 风控熔断：触发最大回撤
2026-04-26 16:33:27 | INFO | ⏸️ 非交易时间，等待
[2026-04-26 16:33:40] 🚀 模拟实盘撮合开始
[2026-04-26 16:33:40] 🛑 风控熔断：触发最大回撤
2026-04-26 16:33:47 | INFO | ⏸️ 非交易时间，等待
2026-04-26 16:34:07 | INFO | ⏸️ 非交易时间，等待
[2026-04-26 16:34:10] 🚀 模拟实盘撮合开始
[2026-04-26 16:34:10] 🛑 风控熔断：触发最大回撤
2026-04-26 16:34:27 | INFO | ⏸️ 非交易时间，等待
[2026-04-26 16:34:40] 🚀 模拟实盘撮合开始
[2026-04-26 16:34:40] 🛑 风控熔断：触发最大回撤
2026-04-26 16:34:47 | INFO | ⏸️ 非交易时间，等待
2026-04-26 16:35:07 | INFO | ⏸️ 非交易时间，等待
[2026-04-26 16:35:10] 🚀 模拟实盘撮合开始
[2026-04-26 16:35:10] 🛑 风控熔断：触发最大回撤
2026-04-26 16:35:27 | INFO | ⏸️ 非交易时间，等待
[2026-04-26 16:35:40] 🚀 模拟实盘撮合开始
[2026-04-26 16:35:40] 🛑 风控熔断：触发最大回撤
2026-04-26 16:35:47 | INFO | ⏸️ 非交易时间，等待
2026-04-26 16:36:07 | INFO | ⏸️ 非交易时间，等待
[2026-04-26 16:36:10] 🚀 模拟实盘撮合开始
[2026-04-26 16:36:10] 🛑 风控熔断：触发最大回撤
2026-04-26 16:36:27 | INFO | ⏸️ 非交易时间，等待
[2026-04-26 16:36:40] 🚀 模拟实盘撮合开始
[2026-04-26 16:36:40] 🛑 风控熔断：触发最大回撤
2026-04-26 16:36:47 | INFO | ⏸️ 非交易时间，等待
2026-04-26 16:37:07 | INFO | ⏸️ 非交易时间，等待
[2026-04-26 16:37:10] 🚀 模拟实盘撮合开始
[2026-04-26 16:37:10] 🛑 风控熔断：触发最大回撤
2026-04-26 16:37:27 | INFO | ⏸️ 非交易时间，等待
[2026-04-26 16:37:40] 🚀 模拟实盘撮合开始
[2026-04-26 16:37:40] 🛑 风控熔断：触发最大回撤
2026-04-26 16:37:47 | INFO | ⏸️ 非交易时间，等待
2026-04-26 16:38:07 | INFO | ⏸️ 非交易时间，等待
[2026-04-26 16:38:10] 🚀 模拟实盘撮合开始
[2026-04-26 16:38:10] 🛑 风控熔断：触发最大回撤
2026-04-26 16:38:27 | INFO | ⏸️ 非交易时间，等待
[2026-04-26 16:38:40] 🚀 模拟实盘撮合开始
[2026-04-26 16:38:40] 🛑 风控熔断：触发最大回撤
2026-04-26 16:38:47 | INFO | ⏸️ 非交易时间，等待
2026-04-26 16:39:07 | INFO | ⏸️ 非交易时间，等待
[2026-04-26 16:39:10] 🚀 模拟实盘撮合开始
[2026-04-26 16:39:10] 🛑 风控熔断：触发最大回撤
2026-04-26 16:39:27 | INFO | ⏸️ 非交易时间，等待
[2026-04-26 16:39:40] 🚀 模拟实盘撮合开始
[2026-04-26 16:39:40] 🛑 风控熔断：触发最大回撤
2026-04-26 16:39:47 | INFO | ⏸️ 非交易时间，等待
2026-04-26 16:40:07 | INFO | ⏸️ 非交易时间，等待
[2026-04-26 16:40:10] 🚀 模拟实盘撮合开始
[2026-04-26 16:40:10] 🛑 风控熔断：触发最大回撤
2026-04-26 16:40:27 | INFO | ⏸️ 非交易时间，等待
[2026-04-26 16:40:40] 🚀 模拟实盘撮合开始
[2026-04-26 16:40:40] 🛑 风控熔断：触发最大回撤
2026-04-26 16:40:47 | INFO | ⏸️ 非交易时间，等待
2026-04-26 16:41:07 | INFO | ⏸️ 非交易时间，等待
[2026-04-26 16:41:10] 🚀 模拟实盘撮合开始
[2026-04-26 16:41:10] 🛑 风控熔断：触发最大回撤
2026-04-26 16:41:27 | INFO | ⏸️ 非交易时间，等待
[2026-04-26 16:41:40] 🚀 模拟实盘撮合开始
[2026-04-26 16:41:40] 🛑 风控熔断：触发最大回撤
2026-04-26 16:41:47 | INFO | ⏸️ 非交易时间，等待
2026-04-26 16:42:07 | INFO | ⏸️ 非交易时间，等待
[2026-04-26 16:42:10] 🚀 模拟实盘撮合开始
[2026-04-26 16:42:10] 🛑 风控熔断：触发最大回撤
2026-04-26 16:42:27 | INFO | ⏸️ 非交易时间，等待
[2026-04-26 16:42:40] 🚀 模拟实盘撮合开始
[2026-04-26 16:42:40] 🛑 风控熔断：触发最大回撤
2026-04-26 16:42:47 | INFO | ⏸️ 非交易时间，等待
2026-04-26 16:43:07 | INFO | ⏸️ 非交易时间，等待
[2026-04-26 16:43:10] 🚀 模拟实盘撮合开始
[2026-04-26 16:43:10] 🛑 风控熔断：触发最大回撤
2026-04-26 16:43:27 | INFO | ⏸️ 非交易时间，等待
[2026-04-26 16:43:40] 🚀 模拟实盘撮合开始
[2026-04-26 16:43:40] 🛑 风控熔断：触发最大回撤
2026-04-26 16:43:47 | INFO | ⏸️ 非交易时间，等待
2026-04-26 16:44:07 | INFO | ⏸️ 非交易时间，等待
[2026-04-26 16:44:10] 🚀 模拟实盘撮合开始
[2026-04-26 16:44:10] 🛑 风控熔断：触发最大回撤
2026-04-26 16:44:27 | INFO | ⏸️ 非交易时间，等待
[2026-04-26 16:44:40] 🚀 模拟实盘撮合开始
[2026-04-26 16:44:40] 🛑 风控熔断：触发最大回撤
2026-04-26 16:44:47 | INFO | ⏸️ 非交易时间，等待
2026-04-26 16:45:07 | INFO | ⏸️ 非交易时间，等待
[2026-04-26 16:45:10] 🚀 模拟实盘撮合开始
[2026-04-26 16:45:10] 🛑 风控熔断：触发最大回撤
2026-04-26 16:45:27 | INFO | ⏸️ 非交易时间，等待
[2026-04-26 16:45:40] 🚀 模拟实盘撮合开始
[2026-04-26 16:45:40] 🛑 风控熔断：触发最大回撤
2026-04-26 16:45:47 | INFO | ⏸️ 非交易时间，等待
2026-04-26 16:46:07 | INFO | ⏸️ 非交易时间，等待
[2026-04-26 16:46:10] 🚀 模拟实盘撮合开始
[2026-04-26 16:46:10] 🛑 风控熔断：触发最大回撤
2026-04-26 16:46:27 | INFO | ⏸️ 非交易时间，等待
[2026-04-26 16:46:40] 🚀 模拟实盘撮合开始
[2026-04-26 16:46:40] 🛑 风控熔断：触发最大回撤
2026-04-26 16:46:47 | INFO | ⏸️ 非交易时间，等待
2026-04-26 16:47:07 | INFO | ⏸️ 非交易时间，等待
[2026-04-26 16:47:10] 🚀 模拟实盘撮合开始
[2026-04-26 16:47:10] 🛑 风控熔断：触发最大回撤
2026-04-26 16:47:27 | INFO | ⏸️ 非交易时间，等待
[2026-04-26 16:47:40] 🚀 模拟实盘撮合开始
[2026-04-26 16:47:40] 🛑 风控熔断：触发最大回撤
2026-04-26 16:47:47 | INFO | ⏸️ 非交易时间，等待
2026-04-26 16:48:07 | INFO | ⏸️ 非交易时间，等待
[2026-04-26 16:48:10] 🚀 模拟实盘撮合开始
[2026-04-26 16:48:10] 🛑 风控熔断：触发最大回撤
2026-04-26 16:48:27 | INFO | ⏸️ 非交易时间，等待
[2026-04-26 16:48:40] 🚀 模拟实盘撮合开始
[2026-04-26 16:48:40] 🛑 风控熔断：触发最大回撤
2026-04-26 16:48:47 | INFO | ⏸️ 非交易时间，等待
2026-04-26 16:49:07 | INFO | ⏸️ 非交易时间，等待
[2026-04-26 16:49:10] 🚀 模拟实盘撮合开始
[2026-04-26 16:49:10] 🛑 风控熔断：触发最大回撤
2026-04-26 16:49:27 | INFO | ⏸️ 非交易时间，等待
[2026-04-26 16:49:40] 🚀 模拟实盘撮合开始
[2026-04-26 16:49:40] 🛑 风控熔断：触发最大回撤
